0 info it worked if it ends with ok
1 verbose cli [ 'C:\\Program Files\\nodejs\\node.exe',
1 verbose cli   'C:\\Program Files\\nodejs\\node_modules\\npm\\bin\\npm-cli.js',
1 verbose cli   'start' ]
2 info using npm@3.10.10
3 info using node@v6.14.4
4 verbose run-script [ 'prestart', 'start', 'poststart' ]
5 info lifecycle node-files-upload@1.0.0~prestart: node-files-upload@1.0.0
6 silly lifecycle node-files-upload@1.0.0~prestart: no script for prestart, continuing
7 info lifecycle node-files-upload@1.0.0~start: node-files-upload@1.0.0
8 verbose lifecycle node-files-upload@1.0.0~start: unsafe-perm in lifecycle true
9 verbose lifecycle node-files-upload@1.0.0~start: PATH: C:\Program Files\nodejs\node_modules\npm\bin\node-gyp-bin;E:\kodilla\node-files-upload\node_modules\.bin;C:\Users\ka.l5.jurkiewicz8688\bin;C:\Users\jurkiewicz8688\AppData\Local\Programs\Git\mingw64\bin;C:\Users\jurkiewicz8688\AppData\Local\Programs\Git\usr\local\bin;C:\Users\jurkiewicz8688\AppData\Local\Programs\Git\usr\bin;C:\Users\jurkiewicz8688\AppData\Local\Programs\Git\usr\bin;C:\Users\jurkiewicz8688\AppData\Local\Programs\Git\mingw64\bin;C:\Users\jurkiewicz8688\AppData\Local\Programs\Git\usr\bin;C:\Users\ka.l5.jurkiewicz8688\bin;C:\Program Files (x86)\Intel\iCLS Client;C:\Program Files\Intel\iCLS Client;C:\Windows\system32;C:\Windows;C:\Windows\System32\Wbem;C:\Windows\System32\WindowsPowerShell\v1.0;C:\Program Files (x86)\Intel\Intel(R) Management Engine Components\DAL;C:\Program Files\Intel\Intel(R) Management Engine Components\DAL;C:\Program Files (x86)\Intel\Intel(R) Management Engine Components\IPT;C:\Program Files\Intel\Intel(R) Management Engine Components\IPT;C:\Program Files\dotnet;C:\Program Files (x86)\Microsoft SQL Server\140\Tools\Binn;C:\Program Files\Microsoft SQL Server\140\Tools\Binn;C:\Program Files (x86)\Microsoft SQL Server\140\DTS\Binn;C:\Program Files\Microsoft SQL Server\140\DTS\Binn;C:\Program Files\Microsoft SQL Server\Client SDK\ODBC\130\Tools\Binn;C:\Program Files\Microsoft SQL Server\130\Tools\Binn;C:\Program Files (x86)\Microsoft SQL Server\Client SDK\ODBC\130\Tools\Binn;C:\Program Files (x86)\Microsoft SQL Server\140\Tools\Binn\ManagementStudio;C:\Program Files (x86)\Common Files\Adobe\AGL;C:\Program Files\Microsoft VS Code\bin;C:\Program Files\nodejs;C:\Users\ka.l5.jurkiewicz8688\AppData\Local\Microsoft\WindowsApps;C:\Users\ka.l5.jurkiewicz8688\AppData\Local\GitHubDesktop\bin;C:\Users\jurkiewicz8688\AppData\Local\Programs\Git\usr\bin\vendor_perl;C:\Users\jurkiewicz8688\AppData\Local\Programs\Git\usr\bin\core_perl
10 verbose lifecycle node-files-upload@1.0.0~start: CWD: E:\kodilla\node-files-upload
11 silly lifecycle node-files-upload@1.0.0~start: Args: [ '/d /s /c', 'nodemon index.js' ]
12 silly lifecycle node-files-upload@1.0.0~start: Returned: code: 1  signal: null
13 info lifecycle node-files-upload@1.0.0~start: Failed to exec start script
14 verbose stack Error: node-files-upload@1.0.0 start: `nodemon index.js`
14 verbose stack Exit status 1
14 verbose stack     at EventEmitter.<anonymous> (C:\Program Files\nodejs\node_modules\npm\lib\utils\lifecycle.js:255:16)
14 verbose stack     at emitTwo (events.js:106:13)
14 verbose stack     at EventEmitter.emit (events.js:191:7)
14 verbose stack     at ChildProcess.<anonymous> (C:\Program Files\nodejs\node_modules\npm\lib\utils\spawn.js:40:14)
14 verbose stack     at emitTwo (events.js:106:13)
14 verbose stack     at ChildProcess.emit (events.js:191:7)
14 verbose stack     at maybeClose (internal/child_process.js:920:16)
14 verbose stack     at Process.ChildProcess._handle.onexit (internal/child_process.js:230:5)
15 verbose pkgid node-files-upload@1.0.0
16 verbose cwd E:\kodilla\node-files-upload
17 error Windows_NT 10.0.16299
18 error argv "C:\\Program Files\\nodejs\\node.exe" "C:\\Program Files\\nodejs\\node_modules\\npm\\bin\\npm-cli.js" "start"
19 error node v6.14.4
20 error npm  v3.10.10
21 error code ELIFECYCLE
22 error node-files-upload@1.0.0 start: `nodemon index.js`
22 error Exit status 1
23 error Failed at the node-files-upload@1.0.0 start script 'nodemon index.js'.
23 error Make sure you have the latest version of node.js and npm installed.
23 error If you do, this is most likely a problem with the node-files-upload package,
23 error not with npm itself.
23 error Tell the author that this fails on your system:
23 error     nodemon index.js
23 error You can get information on how to open an issue for this project with:
23 error     npm bugs node-files-upload
23 error Or if that isn't available, you can get their info via:
23 error     npm owner ls node-files-upload
23 error There is likely additional logging output above.
24 verbose exit [ 1, true ]
